2019-06-09 17:44:39,940 INFO o.a.j.u.JMeterUtils: Setting Locale to en_EN
2019-06-09 17:44:39,955 INFO o.a.j.JMeter: Loading user properties from: user.properties
2019-06-09 17:44:39,955 INFO o.a.j.JMeter: Loading system properties from: system.properties
2019-06-09 17:44:39,971 INFO o.a.j.JMeter: Copyright (c) 1998-2019 The Apache Software Foundation
2019-06-09 17:44:39,971 INFO o.a.j.JMeter: Version 5.1.1 r1855137
2019-06-09 17:44:39,971 INFO o.a.j.JMeter: java.version=1.8.0_211
2019-06-09 17:44:39,971 INFO o.a.j.JMeter: java.vm.name=Java HotSpot(TM) 64-Bit Server VM
2019-06-09 17:44:39,971 INFO o.a.j.JMeter: os.name=Windows 7
2019-06-09 17:44:39,971 INFO o.a.j.JMeter: os.arch=amd64
2019-06-09 17:44:39,971 INFO o.a.j.JMeter: os.version=6.1
2019-06-09 17:44:39,971 INFO o.a.j.JMeter: file.encoding=Cp1251
2019-06-09 17:44:39,971 INFO o.a.j.JMeter: java.awt.headless=null
2019-06-09 17:44:39,971 INFO o.a.j.JMeter: Max memory     =1073741824
2019-06-09 17:44:39,971 INFO o.a.j.JMeter: Available Processors =4
2019-06-09 17:44:39,971 INFO o.a.j.JMeter: Default Locale=English (EN)
2019-06-09 17:44:39,971 INFO o.a.j.JMeter: JMeter  Locale=English (EN)
2019-06-09 17:44:39,971 INFO o.a.j.JMeter: JMeterHome=D:\LoadTesting\apache-jmeter-5.1.1
2019-06-09 17:44:39,971 INFO o.a.j.JMeter: user.dir  =D:\LoadTesting\apache-jmeter-5.1.1\bin
2019-06-09 17:44:39,971 INFO o.a.j.JMeter: PWD       =D:\LoadTesting\apache-jmeter-5.1.1\bin
2019-06-09 17:44:40,002 INFO o.a.j.JMeter: IP: 192.168.1.101 Name: Владимир-ПК FullName: 192.168.1.101
2019-06-09 17:44:40,256 INFO o.a.j.g.a.LookAndFeelCommand: Installing Darcula LAF
2019-06-09 17:44:40,271 INFO o.a.j.g.a.LookAndFeelCommand: Using look and feel: com.bulenkov.darcula.DarculaLaf [Darcula]
2019-06-09 17:44:40,271 INFO o.a.j.JMeter: Setting LAF to: com.bulenkov.darcula.DarculaLaf
2019-06-09 17:44:40,349 INFO o.a.j.JMeter: Loaded icon properties from org/apache/jmeter/images/icon.properties
2019-06-09 17:44:42,512 INFO o.a.j.p.h.s.HTTPSamplerBase: Parser for text/html is org.apache.jmeter.protocol.http.parser.LagartoBasedHtmlParser
2019-06-09 17:44:42,512 INFO o.a.j.p.h.s.HTTPSamplerBase: Parser for application/xhtml+xml is org.apache.jmeter.protocol.http.parser.LagartoBasedHtmlParser
2019-06-09 17:44:42,512 INFO o.a.j.p.h.s.HTTPSamplerBase: Parser for application/xml is org.apache.jmeter.protocol.http.parser.LagartoBasedHtmlParser
2019-06-09 17:44:42,512 INFO o.a.j.p.h.s.HTTPSamplerBase: Parser for text/xml is org.apache.jmeter.protocol.http.parser.LagartoBasedHtmlParser
2019-06-09 17:44:42,512 INFO o.a.j.p.h.s.HTTPSamplerBase: Parser for text/vnd.wap.wml is org.apache.jmeter.protocol.http.parser.RegexpHTMLParser
2019-06-09 17:44:42,512 INFO o.a.j.p.h.s.HTTPSamplerBase: Parser for text/css is org.apache.jmeter.protocol.http.parser.CssParser
2019-06-09 17:44:42,999 INFO o.a.j.e.KeyToolUtils: keytool found at 'keytool'
2019-06-09 17:44:42,999 INFO o.a.j.p.h.p.ProxyControl: HTTP(S) Test Script Recorder SSL Proxy will use keys that support embedded 3rd party resources in file D:\LoadTesting\apache-jmeter-5.1.1\bin\proxyserver.jks
2019-06-09 17:44:43,217 INFO o.a.j.s.FileServer: Default base='D:\LoadTesting\apache-jmeter-5.1.1\bin'
2019-06-09 17:44:44,014 INFO o.a.j.s.SampleResult: Note: Sample TimeStamps are START times
2019-06-09 17:44:44,014 INFO o.a.j.s.SampleResult: sampleresult.default.encoding is set to ISO-8859-1
2019-06-09 17:44:44,014 INFO o.a.j.s.SampleResult: sampleresult.useNanoTime=true
2019-06-09 17:44:44,014 INFO o.a.j.s.SampleResult: sampleresult.nanoThreadSleep=5000
2019-06-09 17:45:02,624 INFO o.a.j.g.a.Load: Loading file: D:\LoadTesting\jMeterFiles\tlt.jmx
2019-06-09 17:45:02,624 INFO o.a.j.s.FileServer: Set new base='D:\LoadTesting\jMeterFiles'
2019-06-09 17:45:02,827 INFO o.a.j.s.SaveService: Testplan (JMX) version: 2.2. Testlog (JTL) version: 2.2
2019-06-09 17:45:02,843 INFO o.a.j.s.SaveService: Using SaveService properties file encoding UTF-8
2019-06-09 17:45:02,843 INFO o.a.j.s.SaveService: Using SaveService properties version 5.0
2019-06-09 17:45:02,858 INFO o.a.j.s.SaveService: Loading file: D:\LoadTesting\jMeterFiles\tlt.jmx
2019-06-09 17:45:03,155 INFO o.a.j.s.FileServer: Set new base='D:\LoadTesting\jMeterFiles'
2019-06-09 17:45:06,811 INFO o.a.j.e.StandardJMeterEngine: Running the test!
2019-06-09 17:45:06,811 INFO o.a.j.s.SampleEvent: List of sample_variables: []
2019-06-09 17:45:06,811 INFO o.a.j.s.SampleEvent: List of sample_variables: []
2019-06-09 17:45:06,811 INFO o.a.j.e.u.CompoundVariable: Note: Function class names must contain the string: '.functions.'
2019-06-09 17:45:06,811 INFO o.a.j.e.u.CompoundVariable: Note: Function class names must not contain the string: '.gui.'
2019-06-09 17:45:07,252 INFO o.a.j.g.u.JMeterMenuBar: setRunning(true, *local*)
2019-06-09 17:45:07,455 INFO o.a.j.e.StandardJMeterEngine: Starting ThreadGroup: 1 : Thread Group
2019-06-09 17:45:07,455 INFO o.a.j.e.StandardJMeterEngine: Starting 1 threads for group Thread Group.
2019-06-09 17:45:07,455 INFO o.a.j.e.StandardJMeterEngine: Thread will continue on error
2019-06-09 17:45:07,455 INFO o.a.j.t.ThreadGroup: Starting thread group... number=1 threads=1 ramp-up=1 delayedStart=false
2019-06-09 17:45:07,470 INFO o.a.j.t.ThreadGroup: Started thread group number 1
2019-06-09 17:45:07,470 INFO o.a.j.e.StandardJMeterEngine: All thread groups have been started
2019-06-09 17:45:07,486 INFO o.a.j.t.JMeterThread: Thread started: Thread Group 1-1
2019-06-09 17:45:07,502 INFO o.a.j.p.h.s.HTTPHCAbstractImpl: Local host = Владимир-ПК
2019-06-09 17:45:07,502 INFO o.a.j.p.h.s.HTTPHC4Impl: HTTP request retry count = 0
2019-06-09 17:45:07,689 INFO o.a.j.p.h.s.h.LazyLayeredConnectionSocketFactory: Setting up HTTPS TrustAll Socket Factory
2019-06-09 17:45:07,689 INFO o.a.j.u.JsseSSLManager: Using default SSL protocol: TLS
2019-06-09 17:45:07,689 INFO o.a.j.u.JsseSSLManager: SSL session context: per-thread
2019-06-09 17:45:08,032 INFO o.a.j.u.SSLManager: JmeterKeyStore Location:  type JKS
2019-06-09 17:45:08,032 INFO o.a.j.u.SSLManager: KeyStore created OK
2019-06-09 17:45:08,032 WARN o.a.j.u.SSLManager: Keystore file not found, loading empty keystore
2019-06-09 17:45:08,578 INFO o.a.j.t.JMeterThread: Thread is done: Thread Group 1-1
2019-06-09 17:45:08,578 INFO o.a.j.t.JMeterThread: Thread finished: Thread Group 1-1
2019-06-09 17:45:08,578 INFO o.a.j.e.StandardJMeterEngine: Notifying test listeners of end of test
2019-06-09 17:45:08,578 INFO o.a.j.g.u.JMeterMenuBar: setRunning(false, *local*)
2019-06-09 19:01:49,087 INFO o.a.j.e.StandardJMeterEngine: Running the test!
2019-06-09 19:01:49,087 INFO o.a.j.s.SampleEvent: List of sample_variables: []
2019-06-09 19:01:49,087 INFO o.a.j.g.u.JMeterMenuBar: setRunning(true, *local*)
2019-06-09 19:01:49,336 INFO o.a.j.e.StandardJMeterEngine: Starting ThreadGroup: 1 : Thread Group
2019-06-09 19:01:49,336 INFO o.a.j.e.StandardJMeterEngine: Starting 1 threads for group Thread Group.
2019-06-09 19:01:49,336 INFO o.a.j.e.StandardJMeterEngine: Thread will continue on error
2019-06-09 19:01:49,336 INFO o.a.j.t.ThreadGroup: Starting thread group... number=1 threads=1 ramp-up=1 delayedStart=false
2019-06-09 19:01:49,352 INFO o.a.j.t.ThreadGroup: Started thread group number 1
2019-06-09 19:01:49,352 INFO o.a.j.e.StandardJMeterEngine: All thread groups have been started
2019-06-09 19:01:49,352 INFO o.a.j.t.JMeterThread: Thread started: Thread Group 1-1
2019-06-09 19:01:49,586 INFO o.a.j.t.JMeterThread: Thread is done: Thread Group 1-1
2019-06-09 19:01:49,586 INFO o.a.j.t.JMeterThread: Thread finished: Thread Group 1-1
2019-06-09 19:01:49,586 INFO o.a.j.e.StandardJMeterEngine: Notifying test listeners of end of test
2019-06-09 19:01:49,586 INFO o.a.j.g.u.JMeterMenuBar: setRunning(false, *local*)
2019-06-09 19:02:23,914 INFO o.a.j.e.StandardJMeterEngine: Running the test!
2019-06-09 19:02:23,914 INFO o.a.j.s.SampleEvent: List of sample_variables: []
2019-06-09 19:02:23,914 INFO o.a.j.g.u.JMeterMenuBar: setRunning(true, *local*)
2019-06-09 19:02:24,132 INFO o.a.j.e.StandardJMeterEngine: Starting ThreadGroup: 1 : Thread Group
2019-06-09 19:02:24,132 INFO o.a.j.e.StandardJMeterEngine: Starting 1 threads for group Thread Group.
2019-06-09 19:02:24,132 INFO o.a.j.e.StandardJMeterEngine: Thread will continue on error
2019-06-09 19:02:24,132 INFO o.a.j.t.ThreadGroup: Starting thread group... number=1 threads=1 ramp-up=1 delayedStart=false
2019-06-09 19:02:24,148 INFO o.a.j.t.ThreadGroup: Started thread group number 1
2019-06-09 19:02:24,148 INFO o.a.j.e.StandardJMeterEngine: All thread groups have been started
2019-06-09 19:02:24,148 INFO o.a.j.t.JMeterThread: Thread started: Thread Group 1-1
2019-06-09 19:02:24,336 INFO o.a.j.t.JMeterThread: Thread is done: Thread Group 1-1
2019-06-09 19:02:24,336 INFO o.a.j.t.JMeterThread: Thread finished: Thread Group 1-1
2019-06-09 19:02:24,336 INFO o.a.j.e.StandardJMeterEngine: Notifying test listeners of end of test
2019-06-09 19:02:24,336 INFO o.a.j.g.u.JMeterMenuBar: setRunning(false, *local*)
2019-06-09 19:02:44,900 INFO o.a.j.e.StandardJMeterEngine: Running the test!
2019-06-09 19:02:44,900 INFO o.a.j.s.SampleEvent: List of sample_variables: []
2019-06-09 19:02:44,900 INFO o.a.j.g.u.JMeterMenuBar: setRunning(true, *local*)
2019-06-09 19:02:45,102 INFO o.a.j.e.StandardJMeterEngine: Starting ThreadGroup: 1 : Thread Group
2019-06-09 19:02:45,102 INFO o.a.j.e.StandardJMeterEngine: Starting 1 threads for group Thread Group.
2019-06-09 19:02:45,102 INFO o.a.j.e.StandardJMeterEngine: Thread will continue on error
2019-06-09 19:02:45,102 INFO o.a.j.t.ThreadGroup: Starting thread group... number=1 threads=1 ramp-up=1 delayedStart=false
2019-06-09 19:02:45,118 INFO o.a.j.t.ThreadGroup: Started thread group number 1
2019-06-09 19:02:45,118 INFO o.a.j.e.StandardJMeterEngine: All thread groups have been started
2019-06-09 19:02:45,118 INFO o.a.j.t.JMeterThread: Thread started: Thread Group 1-1
2019-06-09 19:02:45,305 INFO o.a.j.t.JMeterThread: Thread is done: Thread Group 1-1
2019-06-09 19:02:45,305 INFO o.a.j.t.JMeterThread: Thread finished: Thread Group 1-1
2019-06-09 19:02:45,305 INFO o.a.j.e.StandardJMeterEngine: Notifying test listeners of end of test
2019-06-09 19:02:45,305 INFO o.a.j.g.u.JMeterMenuBar: setRunning(false, *local*)
2019-06-09 19:03:36,081 INFO o.a.j.e.StandardJMeterEngine: Running the test!
2019-06-09 19:03:36,081 INFO o.a.j.s.SampleEvent: List of sample_variables: []
2019-06-09 19:03:36,081 INFO o.a.j.g.u.JMeterMenuBar: setRunning(true, *local*)
2019-06-09 19:03:36,283 INFO o.a.j.e.StandardJMeterEngine: Starting ThreadGroup: 1 : Thread Group
2019-06-09 19:03:36,283 INFO o.a.j.e.StandardJMeterEngine: Starting 1 threads for group Thread Group.
2019-06-09 19:03:36,283 INFO o.a.j.e.StandardJMeterEngine: Thread will continue on error
2019-06-09 19:03:36,283 INFO o.a.j.t.ThreadGroup: Starting thread group... number=1 threads=1 ramp-up=1 delayedStart=false
2019-06-09 19:03:36,299 INFO o.a.j.t.ThreadGroup: Started thread group number 1
2019-06-09 19:03:36,299 INFO o.a.j.e.StandardJMeterEngine: All thread groups have been started
2019-06-09 19:03:36,299 INFO o.a.j.t.JMeterThread: Thread started: Thread Group 1-1
2019-06-09 19:03:36,471 INFO o.a.j.t.JMeterThread: Thread is done: Thread Group 1-1
2019-06-09 19:03:36,471 INFO o.a.j.t.JMeterThread: Thread finished: Thread Group 1-1
2019-06-09 19:03:36,471 INFO o.a.j.e.StandardJMeterEngine: Notifying test listeners of end of test
2019-06-09 19:03:36,471 INFO o.a.j.g.u.JMeterMenuBar: setRunning(false, *local*)
2019-06-09 19:04:01,375 INFO o.a.j.e.StandardJMeterEngine: Running the test!
2019-06-09 19:04:01,375 INFO o.a.j.s.SampleEvent: List of sample_variables: []
2019-06-09 19:04:01,391 INFO o.a.j.g.u.JMeterMenuBar: setRunning(true, *local*)
2019-06-09 19:04:01,609 INFO o.a.j.e.StandardJMeterEngine: Starting ThreadGroup: 1 : Thread Group
2019-06-09 19:04:01,609 INFO o.a.j.e.StandardJMeterEngine: Starting 1 threads for group Thread Group.
2019-06-09 19:04:01,609 INFO o.a.j.e.StandardJMeterEngine: Thread will continue on error
2019-06-09 19:04:01,609 INFO o.a.j.t.ThreadGroup: Starting thread group... number=1 threads=1 ramp-up=1 delayedStart=false
2019-06-09 19:04:01,609 INFO o.a.j.t.ThreadGroup: Started thread group number 1
2019-06-09 19:04:01,609 INFO o.a.j.e.StandardJMeterEngine: All thread groups have been started
2019-06-09 19:04:01,609 INFO o.a.j.t.JMeterThread: Thread started: Thread Group 1-1
2019-06-09 19:04:01,812 INFO o.a.j.t.JMeterThread: Thread is done: Thread Group 1-1
2019-06-09 19:04:01,812 INFO o.a.j.t.JMeterThread: Thread finished: Thread Group 1-1
2019-06-09 19:04:01,812 INFO o.a.j.e.StandardJMeterEngine: Notifying test listeners of end of test
2019-06-09 19:04:01,812 INFO o.a.j.g.u.JMeterMenuBar: setRunning(false, *local*)
2019-06-09 19:04:42,583 INFO o.a.j.e.StandardJMeterEngine: Running the test!
2019-06-09 19:04:42,583 INFO o.a.j.s.SampleEvent: List of sample_variables: []
2019-06-09 19:04:42,583 INFO o.a.j.g.u.JMeterMenuBar: setRunning(true, *local*)
2019-06-09 19:04:42,801 INFO o.a.j.e.StandardJMeterEngine: Starting ThreadGroup: 1 : Thread Group
2019-06-09 19:04:42,801 INFO o.a.j.e.StandardJMeterEngine: Starting 1 threads for group Thread Group.
2019-06-09 19:04:42,801 INFO o.a.j.e.StandardJMeterEngine: Thread will continue on error
2019-06-09 19:04:42,801 INFO o.a.j.t.ThreadGroup: Starting thread group... number=1 threads=1 ramp-up=1 delayedStart=false
2019-06-09 19:04:42,801 INFO o.a.j.t.ThreadGroup: Started thread group number 1
2019-06-09 19:04:42,801 INFO o.a.j.e.StandardJMeterEngine: All thread groups have been started
2019-06-09 19:04:42,801 INFO o.a.j.t.JMeterThread: Thread started: Thread Group 1-1
2019-06-09 19:04:43,004 INFO o.a.j.t.JMeterThread: Thread is done: Thread Group 1-1
2019-06-09 19:04:43,004 INFO o.a.j.t.JMeterThread: Thread finished: Thread Group 1-1
2019-06-09 19:04:43,004 INFO o.a.j.e.StandardJMeterEngine: Notifying test listeners of end of test
2019-06-09 19:04:43,004 INFO o.a.j.g.u.JMeterMenuBar: setRunning(false, *local*)
2019-06-09 19:05:37,997 INFO o.a.j.e.StandardJMeterEngine: Running the test!
2019-06-09 19:05:37,997 INFO o.a.j.s.SampleEvent: List of sample_variables: []
2019-06-09 19:05:37,997 INFO o.a.j.g.u.JMeterMenuBar: setRunning(true, *local*)
2019-06-09 19:05:38,199 INFO o.a.j.e.StandardJMeterEngine: Starting ThreadGroup: 1 : Thread Group
2019-06-09 19:05:38,199 INFO o.a.j.e.StandardJMeterEngine: Starting 1 threads for group Thread Group.
2019-06-09 19:05:38,199 INFO o.a.j.e.StandardJMeterEngine: Thread will continue on error
2019-06-09 19:05:38,199 INFO o.a.j.t.ThreadGroup: Starting thread group... number=1 threads=1 ramp-up=1 delayedStart=false
2019-06-09 19:05:38,215 INFO o.a.j.t.ThreadGroup: Started thread group number 1
2019-06-09 19:05:38,215 INFO o.a.j.e.StandardJMeterEngine: All thread groups have been started
2019-06-09 19:05:38,215 INFO o.a.j.t.JMeterThread: Thread started: Thread Group 1-1
2019-06-09 19:05:38,418 INFO o.a.j.t.JMeterThread: Thread is done: Thread Group 1-1
2019-06-09 19:05:38,418 INFO o.a.j.t.JMeterThread: Thread finished: Thread Group 1-1
2019-06-09 19:05:38,418 INFO o.a.j.e.StandardJMeterEngine: Notifying test listeners of end of test
2019-06-09 19:05:38,418 INFO o.a.j.g.u.JMeterMenuBar: setRunning(false, *local*)
2019-06-09 19:06:15,680 INFO o.a.j.e.StandardJMeterEngine: Running the test!
2019-06-09 19:06:15,680 INFO o.a.j.s.SampleEvent: List of sample_variables: []
2019-06-09 19:06:15,680 INFO o.a.j.g.u.JMeterMenuBar: setRunning(true, *local*)
2019-06-09 19:06:15,867 INFO o.a.j.e.StandardJMeterEngine: Starting ThreadGroup: 1 : Thread Group
2019-06-09 19:06:15,867 INFO o.a.j.e.StandardJMeterEngine: Starting 1 threads for group Thread Group.
2019-06-09 19:06:15,867 INFO o.a.j.e.StandardJMeterEngine: Thread will continue on error
2019-06-09 19:06:15,867 INFO o.a.j.t.ThreadGroup: Starting thread group... number=1 threads=1 ramp-up=1 delayedStart=false
2019-06-09 19:06:15,882 INFO o.a.j.t.ThreadGroup: Started thread group number 1
2019-06-09 19:06:15,882 INFO o.a.j.e.StandardJMeterEngine: All thread groups have been started
2019-06-09 19:06:15,882 INFO o.a.j.t.JMeterThread: Thread started: Thread Group 1-1
2019-06-09 19:06:16,070 INFO o.a.j.t.JMeterThread: Thread is done: Thread Group 1-1
2019-06-09 19:06:16,070 INFO o.a.j.t.JMeterThread: Thread finished: Thread Group 1-1
2019-06-09 19:06:16,085 INFO o.a.j.e.StandardJMeterEngine: Notifying test listeners of end of test
2019-06-09 19:06:16,085 INFO o.a.j.g.u.JMeterMenuBar: setRunning(false, *local*)
2019-06-09 19:35:06,162 INFO o.a.j.e.StandardJMeterEngine: Running the test!
2019-06-09 19:35:06,162 INFO o.a.j.s.SampleEvent: List of sample_variables: []
2019-06-09 19:35:06,162 INFO o.a.j.g.u.JMeterMenuBar: setRunning(true, *local*)
2019-06-09 19:35:06,451 INFO o.a.j.e.StandardJMeterEngine: Starting ThreadGroup: 1 : Thread Group
2019-06-09 19:35:06,451 INFO o.a.j.e.StandardJMeterEngine: Starting 1 threads for group Thread Group.
2019-06-09 19:35:06,451 INFO o.a.j.e.StandardJMeterEngine: Thread will continue on error
2019-06-09 19:35:06,451 INFO o.a.j.t.ThreadGroup: Starting thread group... number=1 threads=1 ramp-up=1 delayedStart=false
2019-06-09 19:35:06,451 INFO o.a.j.t.ThreadGroup: Started thread group number 1
2019-06-09 19:35:06,451 INFO o.a.j.e.StandardJMeterEngine: All thread groups have been started
2019-06-09 19:35:06,451 INFO o.a.j.t.JMeterThread: Thread started: Thread Group 1-1
2019-06-09 19:35:06,451 INFO o.a.j.p.h.m.RegExUserParameters: RegExUserParameters element: RegEx User Parameters => Referenced RegExp was not found, no parameter will be changed
2019-06-09 19:35:06,716 INFO o.a.j.t.JMeterThread: Thread is done: Thread Group 1-1
2019-06-09 19:35:06,716 INFO o.a.j.t.JMeterThread: Thread finished: Thread Group 1-1
2019-06-09 19:35:06,716 INFO o.a.j.e.StandardJMeterEngine: Notifying test listeners of end of test
2019-06-09 19:35:06,716 INFO o.a.j.g.u.JMeterMenuBar: setRunning(false, *local*)
2019-06-09 19:41:34,082 INFO o.a.j.e.StandardJMeterEngine: Running the test!
2019-06-09 19:41:34,082 INFO o.a.j.s.SampleEvent: List of sample_variables: []
2019-06-09 19:41:34,084 INFO o.a.j.g.u.JMeterMenuBar: setRunning(true, *local*)
2019-06-09 19:41:34,344 INFO o.a.j.e.StandardJMeterEngine: Starting ThreadGroup: 1 : Thread Group
2019-06-09 19:41:34,344 INFO o.a.j.e.StandardJMeterEngine: Starting 1 threads for group Thread Group.
2019-06-09 19:41:34,345 INFO o.a.j.e.StandardJMeterEngine: Thread will continue on error
2019-06-09 19:41:34,345 INFO o.a.j.t.ThreadGroup: Starting thread group... number=1 threads=1 ramp-up=1 delayedStart=false
2019-06-09 19:41:34,353 INFO o.a.j.t.ThreadGroup: Started thread group number 1
2019-06-09 19:41:34,353 INFO o.a.j.e.StandardJMeterEngine: All thread groups have been started
2019-06-09 19:41:34,354 INFO o.a.j.t.JMeterThread: Thread started: Thread Group 1-1
2019-06-09 19:41:34,355 INFO o.a.j.p.h.m.RegExUserParameters: RegExUserParameters element: RegEx User Parameters => Referenced RegExp was not found, no parameter will be changed
2019-06-09 19:41:34,562 INFO o.a.j.t.JMeterThread: Thread is done: Thread Group 1-1
2019-06-09 19:41:34,562 INFO o.a.j.t.JMeterThread: Thread finished: Thread Group 1-1
2019-06-09 19:41:34,564 INFO o.a.j.e.StandardJMeterEngine: Notifying test listeners of end of test
2019-06-09 19:41:34,564 INFO o.a.j.g.u.JMeterMenuBar: setRunning(false, *local*)
2019-06-09 19:42:05,472 INFO o.a.j.e.StandardJMeterEngine: Running the test!
2019-06-09 19:42:05,472 INFO o.a.j.s.SampleEvent: List of sample_variables: []
2019-06-09 19:42:05,473 INFO o.a.j.g.u.JMeterMenuBar: setRunning(true, *local*)
2019-06-09 19:42:05,672 INFO o.a.j.e.StandardJMeterEngine: Starting ThreadGroup: 1 : Thread Group
2019-06-09 19:42:05,673 INFO o.a.j.e.StandardJMeterEngine: Starting 1 threads for group Thread Group.
2019-06-09 19:42:05,673 INFO o.a.j.e.StandardJMeterEngine: Thread will continue on error
2019-06-09 19:42:05,673 INFO o.a.j.t.ThreadGroup: Starting thread group... number=1 threads=1 ramp-up=1 delayedStart=false
2019-06-09 19:42:05,681 INFO o.a.j.t.ThreadGroup: Started thread group number 1
2019-06-09 19:42:05,681 INFO o.a.j.e.StandardJMeterEngine: All thread groups have been started
2019-06-09 19:42:05,682 INFO o.a.j.t.JMeterThread: Thread started: Thread Group 1-1
2019-06-09 19:42:05,682 INFO o.a.j.p.h.m.RegExUserParameters: RegExUserParameters element: RegEx User Parameters => Referenced RegExp was not found, no parameter will be changed
2019-06-09 19:42:05,867 INFO o.a.j.t.JMeterThread: Thread is done: Thread Group 1-1
2019-06-09 19:42:05,867 INFO o.a.j.t.JMeterThread: Thread finished: Thread Group 1-1
2019-06-09 19:42:05,869 INFO o.a.j.e.StandardJMeterEngine: Notifying test listeners of end of test
2019-06-09 19:42:05,869 INFO o.a.j.g.u.JMeterMenuBar: setRunning(false, *local*)
2019-06-09 19:42:11,221 INFO o.a.j.e.StandardJMeterEngine: Running the test!
2019-06-09 19:42:11,222 INFO o.a.j.s.SampleEvent: List of sample_variables: []
2019-06-09 19:42:11,223 INFO o.a.j.g.u.JMeterMenuBar: setRunning(true, *local*)
2019-06-09 19:42:11,433 INFO o.a.j.e.StandardJMeterEngine: Starting ThreadGroup: 1 : Thread Group
2019-06-09 19:42:11,434 INFO o.a.j.e.StandardJMeterEngine: Starting 1 threads for group Thread Group.
2019-06-09 19:42:11,434 INFO o.a.j.e.StandardJMeterEngine: Thread will continue on error
2019-06-09 19:42:11,434 INFO o.a.j.t.ThreadGroup: Starting thread group... number=1 threads=1 ramp-up=1 delayedStart=false
2019-06-09 19:42:11,441 INFO o.a.j.t.ThreadGroup: Started thread group number 1
2019-06-09 19:42:11,442 INFO o.a.j.e.StandardJMeterEngine: All thread groups have been started
2019-06-09 19:42:11,443 INFO o.a.j.t.JMeterThread: Thread started: Thread Group 1-1
2019-06-09 19:42:11,444 INFO o.a.j.p.h.m.RegExUserParameters: RegExUserParameters element: RegEx User Parameters => Referenced RegExp was not found, no parameter will be changed
2019-06-09 19:42:11,657 INFO o.a.j.t.JMeterThread: Thread is done: Thread Group 1-1
2019-06-09 19:42:11,657 INFO o.a.j.t.JMeterThread: Thread finished: Thread Group 1-1
2019-06-09 19:42:11,658 INFO o.a.j.e.StandardJMeterEngine: Notifying test listeners of end of test
2019-06-09 19:42:11,659 INFO o.a.j.g.u.JMeterMenuBar: setRunning(false, *local*)
2019-06-09 19:42:26,306 INFO o.a.j.e.StandardJMeterEngine: Running the test!
2019-06-09 19:42:26,307 INFO o.a.j.s.SampleEvent: List of sample_variables: []
2019-06-09 19:42:26,308 INFO o.a.j.g.u.JMeterMenuBar: setRunning(true, *local*)
2019-06-09 19:42:26,524 INFO o.a.j.e.StandardJMeterEngine: Starting ThreadGroup: 1 : Thread Group
2019-06-09 19:42:26,525 INFO o.a.j.e.StandardJMeterEngine: Starting 1 threads for group Thread Group.
2019-06-09 19:42:26,525 INFO o.a.j.e.StandardJMeterEngine: Thread will continue on error
2019-06-09 19:42:26,525 INFO o.a.j.t.ThreadGroup: Starting thread group... number=1 threads=1 ramp-up=1 delayedStart=false
2019-06-09 19:42:26,536 INFO o.a.j.t.ThreadGroup: Started thread group number 1
2019-06-09 19:42:26,536 INFO o.a.j.e.StandardJMeterEngine: All thread groups have been started
2019-06-09 19:42:26,536 INFO o.a.j.t.JMeterThread: Thread started: Thread Group 1-1
2019-06-09 19:42:26,537 INFO o.a.j.p.h.m.RegExUserParameters: RegExUserParameters element: RegEx User Parameters => Referenced RegExp was not found, no parameter will be changed
2019-06-09 19:42:26,729 INFO o.a.j.t.JMeterThread: Thread is done: Thread Group 1-1
2019-06-09 19:42:26,729 INFO o.a.j.t.JMeterThread: Thread finished: Thread Group 1-1
2019-06-09 19:42:26,730 INFO o.a.j.e.StandardJMeterEngine: Notifying test listeners of end of test
2019-06-09 19:42:26,731 INFO o.a.j.g.u.JMeterMenuBar: setRunning(false, *local*)
2019-06-09 19:55:05,903 INFO o.a.j.e.StandardJMeterEngine: Running the test!
2019-06-09 19:55:05,905 INFO o.a.j.s.SampleEvent: List of sample_variables: []
2019-06-09 19:55:05,907 INFO o.a.j.g.u.JMeterMenuBar: setRunning(true, *local*)
2019-06-09 19:55:06,138 INFO o.a.j.e.StandardJMeterEngine: Starting ThreadGroup: 1 : Thread Group
2019-06-09 19:55:06,139 INFO o.a.j.e.StandardJMeterEngine: Starting 1 threads for group Thread Group.
2019-06-09 19:55:06,139 INFO o.a.j.e.StandardJMeterEngine: Thread will continue on error
2019-06-09 19:55:06,139 INFO o.a.j.t.ThreadGroup: Starting thread group... number=1 threads=1 ramp-up=1 delayedStart=false
2019-06-09 19:55:06,147 INFO o.a.j.t.ThreadGroup: Started thread group number 1
2019-06-09 19:55:06,147 INFO o.a.j.e.StandardJMeterEngine: All thread groups have been started
2019-06-09 19:55:06,148 INFO o.a.j.t.JMeterThread: Thread started: Thread Group 1-1
2019-06-09 19:55:06,149 INFO o.a.j.p.h.m.RegExUserParameters: RegExUserParameters element: RegEx User Parameters => Referenced RegExp was not found, no parameter will be changed
2019-06-09 19:55:06,354 INFO o.a.j.t.JMeterThread: Thread is done: Thread Group 1-1
2019-06-09 19:55:06,354 INFO o.a.j.t.JMeterThread: Thread finished: Thread Group 1-1
2019-06-09 19:55:06,355 INFO o.a.j.e.StandardJMeterEngine: Notifying test listeners of end of test
2019-06-09 19:55:06,356 INFO o.a.j.g.u.JMeterMenuBar: setRunning(false, *local*)
2019-06-09 19:59:29,259 INFO o.a.j.e.StandardJMeterEngine: Running the test!
2019-06-09 19:59:29,259 INFO o.a.j.s.SampleEvent: List of sample_variables: []
2019-06-09 19:59:29,259 INFO o.a.j.g.u.JMeterMenuBar: setRunning(true, *local*)
2019-06-09 19:59:29,493 INFO o.a.j.e.StandardJMeterEngine: Starting ThreadGroup: 1 : Thread Group
2019-06-09 19:59:29,493 INFO o.a.j.e.StandardJMeterEngine: Starting 1 threads for group Thread Group.
2019-06-09 19:59:29,493 INFO o.a.j.e.StandardJMeterEngine: Thread will continue on error
2019-06-09 19:59:29,493 INFO o.a.j.t.ThreadGroup: Starting thread group... number=1 threads=1 ramp-up=1 delayedStart=false
2019-06-09 19:59:29,509 INFO o.a.j.t.ThreadGroup: Started thread group number 1
2019-06-09 19:59:29,509 INFO o.a.j.e.StandardJMeterEngine: All thread groups have been started
2019-06-09 19:59:29,509 INFO o.a.j.t.JMeterThread: Thread started: Thread Group 1-1
2019-06-09 19:59:29,509 INFO o.a.j.p.h.m.RegExUserParameters: RegExUserParameters element: RegEx User Parameters => Referenced RegExp was not found, no parameter will be changed
2019-06-09 19:59:29,711 INFO o.a.j.t.JMeterThread: Thread is done: Thread Group 1-1
2019-06-09 19:59:29,711 INFO o.a.j.t.JMeterThread: Thread finished: Thread Group 1-1
2019-06-09 19:59:29,711 INFO o.a.j.e.StandardJMeterEngine: Notifying test listeners of end of test
2019-06-09 19:59:29,711 INFO o.a.j.g.u.JMeterMenuBar: setRunning(false, *local*)
2019-06-09 19:59:33,927 INFO o.a.j.e.StandardJMeterEngine: Running the test!
2019-06-09 19:59:33,927 INFO o.a.j.s.SampleEvent: List of sample_variables: []
2019-06-09 19:59:33,927 INFO o.a.j.g.u.JMeterMenuBar: setRunning(true, *local*)
2019-06-09 19:59:34,146 INFO o.a.j.e.StandardJMeterEngine: Starting ThreadGroup: 1 : Thread Group
2019-06-09 19:59:34,146 INFO o.a.j.e.StandardJMeterEngine: Starting 1 threads for group Thread Group.
2019-06-09 19:59:34,146 INFO o.a.j.e.StandardJMeterEngine: Thread will continue on error
2019-06-09 19:59:34,146 INFO o.a.j.t.ThreadGroup: Starting thread group... number=1 threads=1 ramp-up=1 delayedStart=false
2019-06-09 19:59:34,146 INFO o.a.j.t.ThreadGroup: Started thread group number 1
2019-06-09 19:59:34,146 INFO o.a.j.e.StandardJMeterEngine: All thread groups have been started
2019-06-09 19:59:34,146 INFO o.a.j.t.JMeterThread: Thread started: Thread Group 1-1
2019-06-09 19:59:34,146 INFO o.a.j.p.h.m.RegExUserParameters: RegExUserParameters element: RegEx User Parameters => Referenced RegExp was not found, no parameter will be changed
2019-06-09 19:59:34,350 INFO o.a.j.t.JMeterThread: Thread is done: Thread Group 1-1
2019-06-09 19:59:34,350 INFO o.a.j.t.JMeterThread: Thread finished: Thread Group 1-1
2019-06-09 19:59:34,365 INFO o.a.j.e.StandardJMeterEngine: Notifying test listeners of end of test
2019-06-09 19:59:34,365 INFO o.a.j.g.u.JMeterMenuBar: setRunning(false, *local*)
2019-06-09 20:00:21,542 INFO o.a.j.e.StandardJMeterEngine: Running the test!
2019-06-09 20:00:21,542 INFO o.a.j.s.SampleEvent: List of sample_variables: []
2019-06-09 20:00:21,542 INFO o.a.j.g.u.JMeterMenuBar: setRunning(true, *local*)
2019-06-09 20:00:21,761 INFO o.a.j.e.StandardJMeterEngine: Starting ThreadGroup: 1 : Thread Group
2019-06-09 20:00:21,761 INFO o.a.j.e.StandardJMeterEngine: Starting 1 threads for group Thread Group.
2019-06-09 20:00:21,761 INFO o.a.j.e.StandardJMeterEngine: Thread will continue on error
2019-06-09 20:00:21,761 INFO o.a.j.t.ThreadGroup: Starting thread group... number=1 threads=1 ramp-up=1 delayedStart=false
2019-06-09 20:00:21,776 INFO o.a.j.t.ThreadGroup: Started thread group number 1
2019-06-09 20:00:21,776 INFO o.a.j.e.StandardJMeterEngine: All thread groups have been started
2019-06-09 20:00:21,776 INFO o.a.j.t.JMeterThread: Thread started: Thread Group 1-1
2019-06-09 20:00:21,776 INFO o.a.j.p.h.m.RegExUserParameters: RegExUserParameters element: RegEx User Parameters => Referenced RegExp was not found, no parameter will be changed
2019-06-09 20:00:22,010 INFO o.a.j.t.JMeterThread: Thread is done: Thread Group 1-1
2019-06-09 20:00:22,010 INFO o.a.j.t.JMeterThread: Thread finished: Thread Group 1-1
2019-06-09 20:00:22,010 INFO o.a.j.e.StandardJMeterEngine: Notifying test listeners of end of test
2019-06-09 20:00:22,010 INFO o.a.j.g.u.JMeterMenuBar: setRunning(false, *local*)
2019-06-09 20:00:43,461 INFO o.a.j.e.StandardJMeterEngine: Running the test!
2019-06-09 20:00:43,461 INFO o.a.j.s.SampleEvent: List of sample_variables: []
2019-06-09 20:00:43,461 INFO o.a.j.g.u.JMeterMenuBar: setRunning(true, *local*)
2019-06-09 20:00:43,679 INFO o.a.j.e.StandardJMeterEngine: Starting ThreadGroup: 1 : Thread Group
2019-06-09 20:00:43,679 INFO o.a.j.e.StandardJMeterEngine: Starting 1 threads for group Thread Group.
2019-06-09 20:00:43,679 INFO o.a.j.e.StandardJMeterEngine: Thread will continue on error
2019-06-09 20:00:43,679 INFO o.a.j.t.ThreadGroup: Starting thread group... number=1 threads=1 ramp-up=1 delayedStart=false
2019-06-09 20:00:43,679 INFO o.a.j.t.ThreadGroup: Started thread group number 1
2019-06-09 20:00:43,679 INFO o.a.j.e.StandardJMeterEngine: All thread groups have been started
2019-06-09 20:00:43,679 INFO o.a.j.t.JMeterThread: Thread started: Thread Group 1-1
2019-06-09 20:00:43,883 INFO o.a.j.t.JMeterThread: Thread is done: Thread Group 1-1
2019-06-09 20:00:43,883 INFO o.a.j.t.JMeterThread: Thread finished: Thread Group 1-1
2019-06-09 20:00:43,883 INFO o.a.j.e.StandardJMeterEngine: Notifying test listeners of end of test
2019-06-09 20:00:43,883 INFO o.a.j.g.u.JMeterMenuBar: setRunning(false, *local*)
2019-06-09 20:00:51,614 INFO o.a.j.e.StandardJMeterEngine: Running the test!
2019-06-09 20:00:51,614 INFO o.a.j.s.SampleEvent: List of sample_variables: []
2019-06-09 20:00:51,614 INFO o.a.j.g.u.JMeterMenuBar: setRunning(true, *local*)
2019-06-09 20:00:51,817 INFO o.a.j.e.StandardJMeterEngine: Starting ThreadGroup: 1 : Thread Group
2019-06-09 20:00:51,817 INFO o.a.j.e.StandardJMeterEngine: Starting 1 threads for group Thread Group.
2019-06-09 20:00:51,817 INFO o.a.j.e.StandardJMeterEngine: Thread will continue on error
2019-06-09 20:00:51,817 INFO o.a.j.t.ThreadGroup: Starting thread group... number=1 threads=1 ramp-up=1 delayedStart=false
2019-06-09 20:00:51,832 INFO o.a.j.t.ThreadGroup: Started thread group number 1
2019-06-09 20:00:51,832 INFO o.a.j.e.StandardJMeterEngine: All thread groups have been started
2019-06-09 20:00:51,832 INFO o.a.j.t.JMeterThread: Thread started: Thread Group 1-1
2019-06-09 20:00:52,035 INFO o.a.j.t.JMeterThread: Thread is done: Thread Group 1-1
2019-06-09 20:00:52,035 INFO o.a.j.t.JMeterThread: Thread finished: Thread Group 1-1
2019-06-09 20:00:52,035 INFO o.a.j.e.StandardJMeterEngine: Notifying test listeners of end of test
2019-06-09 20:00:52,035 INFO o.a.j.g.u.JMeterMenuBar: setRunning(false, *local*)
2019-06-09 20:01:31,715 INFO o.a.j.e.StandardJMeterEngine: Running the test!
2019-06-09 20:01:31,715 INFO o.a.j.s.SampleEvent: List of sample_variables: []
2019-06-09 20:01:31,715 INFO o.a.j.g.u.JMeterMenuBar: setRunning(true, *local*)
2019-06-09 20:01:31,918 INFO o.a.j.e.StandardJMeterEngine: Starting ThreadGroup: 1 : Thread Group
2019-06-09 20:01:31,918 INFO o.a.j.e.StandardJMeterEngine: Starting 1 threads for group Thread Group.
2019-06-09 20:01:31,918 INFO o.a.j.e.StandardJMeterEngine: Thread will continue on error
2019-06-09 20:01:31,918 INFO o.a.j.t.ThreadGroup: Starting thread group... number=1 threads=1 ramp-up=1 delayedStart=false
2019-06-09 20:01:31,918 INFO o.a.j.t.ThreadGroup: Started thread group number 1
2019-06-09 20:01:31,918 INFO o.a.j.e.StandardJMeterEngine: All thread groups have been started
2019-06-09 20:01:31,918 INFO o.a.j.t.JMeterThread: Thread started: Thread Group 1-1
2019-06-09 20:01:32,121 INFO o.a.j.t.JMeterThread: Thread is done: Thread Group 1-1
2019-06-09 20:01:32,121 INFO o.a.j.t.JMeterThread: Thread finished: Thread Group 1-1
2019-06-09 20:01:32,136 INFO o.a.j.e.StandardJMeterEngine: Notifying test listeners of end of test
2019-06-09 20:01:32,136 INFO o.a.j.g.u.JMeterMenuBar: setRunning(false, *local*)
2019-06-09 20:01:32,745 INFO o.a.j.e.StandardJMeterEngine: Running the test!
2019-06-09 20:01:32,745 INFO o.a.j.s.SampleEvent: List of sample_variables: []
2019-06-09 20:01:32,745 INFO o.a.j.g.u.JMeterMenuBar: setRunning(true, *local*)
2019-06-09 20:01:32,947 INFO o.a.j.e.StandardJMeterEngine: Starting ThreadGroup: 1 : Thread Group
2019-06-09 20:01:32,947 INFO o.a.j.e.StandardJMeterEngine: Starting 1 threads for group Thread Group.
2019-06-09 20:01:32,947 INFO o.a.j.e.StandardJMeterEngine: Thread will continue on error
2019-06-09 20:01:32,947 INFO o.a.j.t.ThreadGroup: Starting thread group... number=1 threads=1 ramp-up=1 delayedStart=false
2019-06-09 20:01:32,947 INFO o.a.j.t.ThreadGroup: Started thread group number 1
2019-06-09 20:01:32,947 INFO o.a.j.e.StandardJMeterEngine: All thread groups have been started
2019-06-09 20:01:32,947 INFO o.a.j.t.JMeterThread: Thread started: Thread Group 1-1
2019-06-09 20:01:33,151 INFO o.a.j.t.JMeterThread: Thread is done: Thread Group 1-1
2019-06-09 20:01:33,151 INFO o.a.j.t.JMeterThread: Thread finished: Thread Group 1-1
2019-06-09 20:01:33,151 INFO o.a.j.e.StandardJMeterEngine: Notifying test listeners of end of test
2019-06-09 20:01:33,151 INFO o.a.j.g.u.JMeterMenuBar: setRunning(false, *local*)
2019-06-09 20:01:52,728 INFO o.a.j.e.StandardJMeterEngine: Running the test!
2019-06-09 20:01:52,728 INFO o.a.j.s.SampleEvent: List of sample_variables: []
2019-06-09 20:01:52,728 INFO o.a.j.g.u.JMeterMenuBar: setRunning(true, *local*)
2019-06-09 20:01:52,930 INFO o.a.j.e.StandardJMeterEngine: Starting ThreadGroup: 1 : Thread Group
2019-06-09 20:01:52,930 INFO o.a.j.e.StandardJMeterEngine: Starting 1 threads for group Thread Group.
2019-06-09 20:01:52,930 INFO o.a.j.e.StandardJMeterEngine: Thread will continue on error
2019-06-09 20:01:52,930 INFO o.a.j.t.ThreadGroup: Starting thread group... number=1 threads=1 ramp-up=1 delayedStart=false
2019-06-09 20:01:52,930 INFO o.a.j.t.ThreadGroup: Started thread group number 1
2019-06-09 20:01:52,946 INFO o.a.j.t.JMeterThread: Thread started: Thread Group 1-1
2019-06-09 20:01:52,930 INFO o.a.j.e.StandardJMeterEngine: All thread groups have been started
2019-06-09 20:01:53,133 INFO o.a.j.t.JMeterThread: Thread is done: Thread Group 1-1
2019-06-09 20:01:53,133 INFO o.a.j.t.JMeterThread: Thread finished: Thread Group 1-1
2019-06-09 20:01:53,133 INFO o.a.j.e.StandardJMeterEngine: Notifying test listeners of end of test
2019-06-09 20:01:53,133 INFO o.a.j.g.u.JMeterMenuBar: setRunning(false, *local*)
2019-06-09 20:02:51,255 INFO o.a.j.e.StandardJMeterEngine: Running the test!
2019-06-09 20:02:51,255 INFO o.a.j.s.SampleEvent: List of sample_variables: []
2019-06-09 20:02:51,255 INFO o.a.j.g.u.JMeterMenuBar: setRunning(true, *local*)
2019-06-09 20:02:51,474 INFO o.a.j.e.StandardJMeterEngine: Starting ThreadGroup: 1 : Thread Group
2019-06-09 20:02:51,474 INFO o.a.j.e.StandardJMeterEngine: Starting 1 threads for group Thread Group.
2019-06-09 20:02:51,474 INFO o.a.j.e.StandardJMeterEngine: Thread will continue on error
2019-06-09 20:02:51,474 INFO o.a.j.t.ThreadGroup: Starting thread group... number=1 threads=1 ramp-up=1 delayedStart=false
2019-06-09 20:02:51,474 INFO o.a.j.t.ThreadGroup: Started thread group number 1
2019-06-09 20:02:51,474 INFO o.a.j.e.StandardJMeterEngine: All thread groups have been started
2019-06-09 20:02:51,474 INFO o.a.j.t.JMeterThread: Thread started: Thread Group 1-1
2019-06-09 20:02:51,661 INFO o.a.j.t.JMeterThread: Thread is done: Thread Group 1-1
2019-06-09 20:02:51,661 INFO o.a.j.t.JMeterThread: Thread finished: Thread Group 1-1
2019-06-09 20:02:51,661 INFO o.a.j.e.StandardJMeterEngine: Notifying test listeners of end of test
2019-06-09 20:02:51,661 INFO o.a.j.g.u.JMeterMenuBar: setRunning(false, *local*)
2019-06-09 20:07:20,961 INFO o.a.j.e.StandardJMeterEngine: Running the test!
2019-06-09 20:07:20,961 INFO o.a.j.s.SampleEvent: List of sample_variables: []
2019-06-09 20:07:20,961 INFO o.a.j.g.u.JMeterMenuBar: setRunning(true, *local*)
2019-06-09 20:07:21,180 INFO o.a.j.e.StandardJMeterEngine: Starting ThreadGroup: 1 : Thread Group
2019-06-09 20:07:21,180 INFO o.a.j.e.StandardJMeterEngine: Starting 1 threads for group Thread Group.
2019-06-09 20:07:21,180 INFO o.a.j.e.StandardJMeterEngine: Thread will continue on error
2019-06-09 20:07:21,180 INFO o.a.j.t.ThreadGroup: Starting thread group... number=1 threads=1 ramp-up=1 delayedStart=false
2019-06-09 20:07:21,180 INFO o.a.j.t.ThreadGroup: Started thread group number 1
2019-06-09 20:07:21,180 INFO o.a.j.e.StandardJMeterEngine: All thread groups have been started
2019-06-09 20:07:21,180 INFO o.a.j.t.JMeterThread: Thread started: Thread Group 1-1
2019-06-09 20:07:21,368 INFO o.a.j.t.JMeterThread: Thread is done: Thread Group 1-1
2019-06-09 20:07:21,368 INFO o.a.j.t.JMeterThread: Thread finished: Thread Group 1-1
2019-06-09 20:07:21,368 INFO o.a.j.e.StandardJMeterEngine: Notifying test listeners of end of test
2019-06-09 20:07:21,368 INFO o.a.j.g.u.JMeterMenuBar: setRunning(false, *local*)
2019-06-09 20:27:46,360 INFO o.a.j.e.StandardJMeterEngine: Running the test!
2019-06-09 20:27:46,360 INFO o.a.j.s.SampleEvent: List of sample_variables: []
2019-06-09 20:27:46,360 INFO o.a.j.g.u.JMeterMenuBar: setRunning(true, *local*)
2019-06-09 20:27:46,719 INFO o.a.j.e.StandardJMeterEngine: Starting ThreadGroup: 1 : Thread Group
2019-06-09 20:27:46,719 INFO o.a.j.e.StandardJMeterEngine: Starting 1 threads for group Thread Group.
2019-06-09 20:27:46,719 INFO o.a.j.e.StandardJMeterEngine: Thread will continue on error
2019-06-09 20:27:46,719 INFO o.a.j.t.ThreadGroup: Starting thread group... number=1 threads=1 ramp-up=1 delayedStart=false
2019-06-09 20:27:46,719 INFO o.a.j.t.ThreadGroup: Started thread group number 1
2019-06-09 20:27:46,719 INFO o.a.j.e.StandardJMeterEngine: All thread groups have been started
2019-06-09 20:27:46,719 INFO o.a.j.t.JMeterThread: Thread started: Thread Group 1-1
2019-06-09 20:27:47,156 ERROR o.a.j.u.BeanShellInterpreter: Error invoking bsh method: eval	Sourced file: inline evaluation of: ``import java.io.*; String fileName = vars.get("outFile"); String var = vars.get(" . . . '' : Attempt to resolve method: length() on undefined variable or class name: s
2019-06-09 20:27:47,156 WARN o.a.j.p.j.s.BeanShellSampler: Exception executing script. org.apache.jorphan.util.JMeterException: Error invoking bsh method: eval	Sourced file: inline evaluation of: ``import java.io.*; String fileName = vars.get("outFile"); String var = vars.get(" . . . '' : Attempt to resolve method: length() on undefined variable or class name: s
2019-06-09 20:27:47,156 INFO o.a.j.t.JMeterThread: Thread is done: Thread Group 1-1
2019-06-09 20:27:47,156 INFO o.a.j.t.JMeterThread: Thread finished: Thread Group 1-1
2019-06-09 20:27:47,156 INFO o.a.j.e.StandardJMeterEngine: Notifying test listeners of end of test
2019-06-09 20:27:47,156 INFO o.a.j.g.u.JMeterMenuBar: setRunning(false, *local*)
2019-06-09 20:28:38,884 INFO o.a.j.e.StandardJMeterEngine: Running the test!
2019-06-09 20:28:38,884 INFO o.a.j.s.SampleEvent: List of sample_variables: []
2019-06-09 20:28:38,884 INFO o.a.j.g.u.JMeterMenuBar: setRunning(true, *local*)
2019-06-09 20:28:39,118 INFO o.a.j.e.StandardJMeterEngine: Starting ThreadGroup: 1 : Thread Group
2019-06-09 20:28:39,118 INFO o.a.j.e.StandardJMeterEngine: Starting 1 threads for group Thread Group.
2019-06-09 20:28:39,118 INFO o.a.j.e.StandardJMeterEngine: Thread will continue on error
2019-06-09 20:28:39,118 INFO o.a.j.t.ThreadGroup: Starting thread group... number=1 threads=1 ramp-up=1 delayedStart=false
2019-06-09 20:28:39,133 INFO o.a.j.t.ThreadGroup: Started thread group number 1
2019-06-09 20:28:39,133 INFO o.a.j.e.StandardJMeterEngine: All thread groups have been started
2019-06-09 20:28:39,133 INFO o.a.j.t.JMeterThread: Thread started: Thread Group 1-1
2019-06-09 20:28:39,357 INFO o.a.j.t.JMeterThread: Thread is done: Thread Group 1-1
2019-06-09 20:28:39,357 INFO o.a.j.t.JMeterThread: Thread finished: Thread Group 1-1
2019-06-09 20:28:39,357 INFO o.a.j.e.StandardJMeterEngine: Notifying test listeners of end of test
2019-06-09 20:28:39,357 INFO o.a.j.g.u.JMeterMenuBar: setRunning(false, *local*)
2019-06-09 20:30:43,881 INFO o.a.j.e.StandardJMeterEngine: Running the test!
2019-06-09 20:30:43,881 INFO o.a.j.s.SampleEvent: List of sample_variables: []
2019-06-09 20:30:43,881 INFO o.a.j.g.u.JMeterMenuBar: setRunning(true, *local*)
2019-06-09 20:30:44,100 INFO o.a.j.e.StandardJMeterEngine: Starting ThreadGroup: 1 : Thread Group
2019-06-09 20:30:44,100 INFO o.a.j.e.StandardJMeterEngine: Starting 1 threads for group Thread Group.
2019-06-09 20:30:44,100 INFO o.a.j.e.StandardJMeterEngine: Thread will continue on error
2019-06-09 20:30:44,100 INFO o.a.j.t.ThreadGroup: Starting thread group... number=1 threads=1 ramp-up=1 delayedStart=false
2019-06-09 20:30:44,100 INFO o.a.j.t.ThreadGroup: Started thread group number 1
2019-06-09 20:30:44,100 INFO o.a.j.e.StandardJMeterEngine: All thread groups have been started
2019-06-09 20:30:44,100 INFO o.a.j.t.JMeterThread: Thread started: Thread Group 1-1
2019-06-09 20:30:44,303 INFO o.a.j.t.JMeterThread: Thread is done: Thread Group 1-1
2019-06-09 20:30:44,303 INFO o.a.j.t.JMeterThread: Thread finished: Thread Group 1-1
2019-06-09 20:30:44,303 INFO o.a.j.e.StandardJMeterEngine: Notifying test listeners of end of test
2019-06-09 20:30:44,303 INFO o.a.j.g.u.JMeterMenuBar: setRunning(false, *local*)
2019-06-09 20:31:41,913 INFO o.a.j.e.StandardJMeterEngine: Running the test!
2019-06-09 20:31:41,913 INFO o.a.j.s.SampleEvent: List of sample_variables: []
2019-06-09 20:31:41,913 INFO o.a.j.g.u.JMeterMenuBar: setRunning(true, *local*)
2019-06-09 20:31:42,116 INFO o.a.j.e.StandardJMeterEngine: Starting ThreadGroup: 1 : Thread Group
2019-06-09 20:31:42,116 INFO o.a.j.e.StandardJMeterEngine: Starting 3 threads for group Thread Group.
2019-06-09 20:31:42,116 INFO o.a.j.e.StandardJMeterEngine: Thread will continue on error
2019-06-09 20:31:42,131 INFO o.a.j.t.ThreadGroup: Starting thread group... number=1 threads=3 ramp-up=1 delayedStart=false
2019-06-09 20:31:42,131 INFO o.a.j.t.JMeterThread: Thread started: Thread Group 1-1
2019-06-09 20:31:42,147 INFO o.a.j.t.ThreadGroup: Started thread group number 1
2019-06-09 20:31:42,147 INFO o.a.j.e.StandardJMeterEngine: All thread groups have been started
2019-06-09 20:31:42,497 INFO o.a.j.t.JMeterThread: Thread started: Thread Group 1-2
2019-06-09 20:31:42,795 INFO o.a.j.t.JMeterThread: Thread is done: Thread Group 1-1
2019-06-09 20:31:42,795 INFO o.a.j.t.JMeterThread: Thread finished: Thread Group 1-1
2019-06-09 20:31:42,826 INFO o.a.j.t.JMeterThread: Thread started: Thread Group 1-3
2019-06-09 20:31:43,076 INFO o.a.j.t.JMeterThread: Thread is done: Thread Group 1-2
2019-06-09 20:31:43,076 INFO o.a.j.t.JMeterThread: Thread finished: Thread Group 1-2
2019-06-09 20:31:43,436 INFO o.a.j.t.JMeterThread: Thread is done: Thread Group 1-3
2019-06-09 20:31:43,436 INFO o.a.j.t.JMeterThread: Thread finished: Thread Group 1-3
2019-06-09 20:31:43,436 INFO o.a.j.e.StandardJMeterEngine: Notifying test listeners of end of test
2019-06-09 20:31:43,436 INFO o.a.j.g.u.JMeterMenuBar: setRunning(false, *local*)
2019-06-09 20:37:22,351 INFO o.a.j.e.StandardJMeterEngine: Running the test!
2019-06-09 20:37:22,351 INFO o.a.j.s.SampleEvent: List of sample_variables: []
2019-06-09 20:37:22,351 INFO o.a.j.g.u.JMeterMenuBar: setRunning(true, *local*)
2019-06-09 20:37:22,741 INFO o.a.j.e.StandardJMeterEngine: Starting ThreadGroup: 1 : Thread Group
2019-06-09 20:37:22,741 INFO o.a.j.e.StandardJMeterEngine: Starting 3 threads for group Thread Group.
2019-06-09 20:37:22,741 INFO o.a.j.e.StandardJMeterEngine: Thread will continue on error
2019-06-09 20:37:22,741 INFO o.a.j.t.ThreadGroup: Starting thread group... number=1 threads=3 ramp-up=1 delayedStart=false
2019-06-09 20:37:22,741 INFO o.a.j.t.JMeterThread: Thread started: Thread Group 1-1
2019-06-09 20:37:22,756 INFO o.a.j.t.ThreadGroup: Started thread group number 1
2019-06-09 20:37:22,756 INFO o.a.j.e.StandardJMeterEngine: All thread groups have been started
2019-06-09 20:37:23,090 INFO o.a.j.t.JMeterThread: Thread started: Thread Group 1-2
2019-06-09 20:37:23,401 INFO o.a.j.t.JMeterThread: Thread is done: Thread Group 1-1
2019-06-09 20:37:23,402 INFO o.a.j.t.JMeterThread: Thread finished: Thread Group 1-1
2019-06-09 20:37:23,408 INFO o.a.j.t.JMeterThread: Thread started: Thread Group 1-3
2019-06-09 20:37:23,644 INFO o.a.j.t.JMeterThread: Thread is done: Thread Group 1-2
2019-06-09 20:37:23,644 INFO o.a.j.t.JMeterThread: Thread finished: Thread Group 1-2
2019-06-09 20:37:23,956 INFO o.a.j.t.JMeterThread: Thread is done: Thread Group 1-3
2019-06-09 20:37:23,956 INFO o.a.j.t.JMeterThread: Thread finished: Thread Group 1-3
2019-06-09 20:37:23,971 INFO o.a.j.e.StandardJMeterEngine: Notifying test listeners of end of test
2019-06-09 20:37:23,971 INFO o.a.j.g.u.JMeterMenuBar: setRunning(false, *local*)
2019-06-09 20:37:50,950 INFO o.a.j.e.StandardJMeterEngine: Running the test!
2019-06-09 20:37:50,950 INFO o.a.j.s.SampleEvent: List of sample_variables: []
2019-06-09 20:37:50,950 INFO o.a.j.g.u.JMeterMenuBar: setRunning(true, *local*)
2019-06-09 20:37:51,248 INFO o.a.j.e.StandardJMeterEngine: Starting ThreadGroup: 1 : Thread Group
2019-06-09 20:37:51,248 INFO o.a.j.e.StandardJMeterEngine: Starting 3 threads for group Thread Group.
2019-06-09 20:37:51,248 INFO o.a.j.e.StandardJMeterEngine: Thread will continue on error
2019-06-09 20:37:51,263 INFO o.a.j.t.ThreadGroup: Starting thread group... number=1 threads=3 ramp-up=1 delayedStart=false
2019-06-09 20:37:51,263 INFO o.a.j.t.JMeterThread: Thread started: Thread Group 1-1
2019-06-09 20:37:51,279 INFO o.a.j.t.ThreadGroup: Started thread group number 1
2019-06-09 20:37:51,279 INFO o.a.j.e.StandardJMeterEngine: All thread groups have been started
2019-06-09 20:37:51,612 INFO o.a.j.t.JMeterThread: Thread started: Thread Group 1-2
2019-06-09 20:37:51,942 INFO o.a.j.t.JMeterThread: Thread started: Thread Group 1-3
2019-06-09 20:37:51,973 INFO o.a.j.t.JMeterThread: Thread is done: Thread Group 1-1
2019-06-09 20:37:51,973 INFO o.a.j.t.JMeterThread: Thread finished: Thread Group 1-1
2019-06-09 20:37:52,238 INFO o.a.j.t.JMeterThread: Thread is done: Thread Group 1-2
2019-06-09 20:37:52,238 INFO o.a.j.t.JMeterThread: Thread finished: Thread Group 1-2
2019-06-09 20:37:52,566 INFO o.a.j.t.JMeterThread: Thread is done: Thread Group 1-3
2019-06-09 20:37:52,566 INFO o.a.j.t.JMeterThread: Thread finished: Thread Group 1-3
2019-06-09 20:37:52,566 INFO o.a.j.e.StandardJMeterEngine: Notifying test listeners of end of test
2019-06-09 20:37:52,566 INFO o.a.j.g.u.JMeterMenuBar: setRunning(false, *local*)
2019-06-09 20:38:01,634 INFO o.a.j.e.StandardJMeterEngine: Running the test!
2019-06-09 20:38:01,634 INFO o.a.j.s.SampleEvent: List of sample_variables: []
2019-06-09 20:38:01,634 INFO o.a.j.g.u.JMeterMenuBar: setRunning(true, *local*)
2019-06-09 20:38:01,946 INFO o.a.j.e.StandardJMeterEngine: Starting ThreadGroup: 1 : Thread Group
2019-06-09 20:38:01,946 INFO o.a.j.e.StandardJMeterEngine: Starting 3 threads for group Thread Group.
2019-06-09 20:38:01,946 INFO o.a.j.e.StandardJMeterEngine: Thread will continue on error
2019-06-09 20:38:01,946 INFO o.a.j.t.ThreadGroup: Starting thread group... number=1 threads=3 ramp-up=1 delayedStart=false
2019-06-09 20:38:01,962 INFO o.a.j.t.JMeterThread: Thread started: Thread Group 1-1
2019-06-09 20:38:01,977 INFO o.a.j.t.ThreadGroup: Started thread group number 1
2019-06-09 20:38:01,977 INFO o.a.j.e.StandardJMeterEngine: All thread groups have been started
2019-06-09 20:38:02,297 INFO o.a.j.t.JMeterThread: Thread started: Thread Group 1-2
2019-06-09 20:38:02,564 INFO o.a.j.t.JMeterThread: Thread is done: Thread Group 1-1
2019-06-09 20:38:02,564 INFO o.a.j.t.JMeterThread: Thread finished: Thread Group 1-1
2019-06-09 20:38:02,642 INFO o.a.j.t.JMeterThread: Thread started: Thread Group 1-3
2019-06-09 20:38:02,907 INFO o.a.j.t.JMeterThread: Thread is done: Thread Group 1-2
2019-06-09 20:38:02,907 INFO o.a.j.t.JMeterThread: Thread finished: Thread Group 1-2
2019-06-09 20:38:03,219 INFO o.a.j.t.JMeterThread: Thread is done: Thread Group 1-3
2019-06-09 20:38:03,219 INFO o.a.j.t.JMeterThread: Thread finished: Thread Group 1-3
2019-06-09 20:38:03,219 INFO o.a.j.e.StandardJMeterEngine: Notifying test listeners of end of test
2019-06-09 20:38:03,219 INFO o.a.j.g.u.JMeterMenuBar: setRunning(false, *local*)
2019-06-09 20:40:23,088 INFO o.a.j.e.StandardJMeterEngine: Running the test!
2019-06-09 20:40:23,088 INFO o.a.j.s.SampleEvent: List of sample_variables: []
2019-06-09 20:40:23,088 INFO o.a.j.g.u.JMeterMenuBar: setRunning(true, *local*)
2019-06-09 20:40:23,385 INFO o.a.j.e.StandardJMeterEngine: Starting ThreadGroup: 1 : Thread Group
2019-06-09 20:40:23,385 INFO o.a.j.e.StandardJMeterEngine: Starting 3 threads for group Thread Group.
2019-06-09 20:40:23,385 INFO o.a.j.e.StandardJMeterEngine: Thread will continue on error
2019-06-09 20:40:23,385 INFO o.a.j.t.ThreadGroup: Starting thread group... number=1 threads=3 ramp-up=1 delayedStart=false
2019-06-09 20:40:23,400 INFO o.a.j.t.JMeterThread: Thread started: Thread Group 1-1
2019-06-09 20:40:23,416 INFO o.a.j.t.ThreadGroup: Started thread group number 1
2019-06-09 20:40:23,416 INFO o.a.j.e.StandardJMeterEngine: All thread groups have been started
2019-06-09 20:40:23,734 INFO o.a.j.t.JMeterThread: Thread started: Thread Group 1-2
2019-06-09 20:40:23,983 INFO o.a.j.t.JMeterThread: Thread is done: Thread Group 1-1
2019-06-09 20:40:23,983 INFO o.a.j.t.JMeterThread: Thread finished: Thread Group 1-1
2019-06-09 20:40:24,051 INFO o.a.j.t.JMeterThread: Thread started: Thread Group 1-3
2019-06-09 20:40:24,319 INFO o.a.j.t.JMeterThread: Thread is done: Thread Group 1-2
2019-06-09 20:40:24,319 INFO o.a.j.t.JMeterThread: Thread finished: Thread Group 1-2
2019-06-09 20:40:24,725 INFO o.a.j.t.JMeterThread: Thread is done: Thread Group 1-3
2019-06-09 20:40:24,725 INFO o.a.j.t.JMeterThread: Thread finished: Thread Group 1-3
2019-06-09 20:40:24,725 INFO o.a.j.e.StandardJMeterEngine: Notifying test listeners of end of test
2019-06-09 20:40:24,725 INFO o.a.j.g.u.JMeterMenuBar: setRunning(false, *local*)
2019-06-09 20:40:58,498 INFO o.a.j.e.StandardJMeterEngine: Running the test!
2019-06-09 20:40:58,498 INFO o.a.j.s.SampleEvent: List of sample_variables: []
2019-06-09 20:40:58,498 INFO o.a.j.g.u.JMeterMenuBar: setRunning(true, *local*)
2019-06-09 20:40:58,763 INFO o.a.j.e.StandardJMeterEngine: Starting ThreadGroup: 1 : Thread Group
2019-06-09 20:40:58,763 INFO o.a.j.e.StandardJMeterEngine: Starting 3 threads for group Thread Group.
2019-06-09 20:40:58,763 INFO o.a.j.e.StandardJMeterEngine: Thread will continue on error
2019-06-09 20:40:58,763 INFO o.a.j.t.ThreadGroup: Starting thread group... number=1 threads=3 ramp-up=1 delayedStart=false
2019-06-09 20:40:58,763 INFO o.a.j.t.JMeterThread: Thread started: Thread Group 1-1
2019-06-09 20:40:58,779 INFO o.a.j.t.ThreadGroup: Started thread group number 1
2019-06-09 20:40:58,779 INFO o.a.j.e.StandardJMeterEngine: All thread groups have been started
2019-06-09 20:40:59,112 INFO o.a.j.t.JMeterThread: Thread started: Thread Group 1-2
2019-06-09 20:40:59,333 INFO o.a.j.t.JMeterThread: Thread is done: Thread Group 1-1
2019-06-09 20:40:59,333 INFO o.a.j.t.JMeterThread: Thread finished: Thread Group 1-1
2019-06-09 20:40:59,442 INFO o.a.j.t.JMeterThread: Thread started: Thread Group 1-3
2019-06-09 20:40:59,723 INFO o.a.j.t.JMeterThread: Thread is done: Thread Group 1-2
2019-06-09 20:40:59,723 INFO o.a.j.t.JMeterThread: Thread finished: Thread Group 1-2
2019-06-09 20:41:00,020 INFO o.a.j.t.JMeterThread: Thread is done: Thread Group 1-3
2019-06-09 20:41:00,020 INFO o.a.j.t.JMeterThread: Thread finished: Thread Group 1-3
2019-06-09 20:41:00,020 INFO o.a.j.e.StandardJMeterEngine: Notifying test listeners of end of test
2019-06-09 20:41:00,020 INFO o.a.j.g.u.JMeterMenuBar: setRunning(false, *local*)
